info: Metodo: GET en ruta / - 8/5/2024 2:04:35 AM
info: Metodo: GET en ruta /cart - 8/5/2024 2:05:32 AM
info: Metodo: GET en ruta /favicon.ico - 8/5/2024 2:05:32 AM
info: Metodo: GET en ruta /login - 8/5/2024 2:06:55 AM
info: Metodo: GET en ruta /API/login - 8/5/2024 2:07:08 AM
info: Metodo: GET en ruta /API/login - 8/5/2024 2:10:26 AM
info: Metodo: GET en ruta /login - 8/5/2024 2:10:28 AM
info: Metodo: GET en ruta /login - 8/5/2024 2:12:27 AM
info: Metodo: GET en ruta /index.css - 8/5/2024 2:12:29 AM
info: Metodo: POST en ruta /api/users/login - 8/5/2024 2:13:01 AM
info: Metodo: GET en ruta /index.css - 8/5/2024 2:13:04 AM
info: Metodo: POST en ruta /api/users/login - 8/5/2024 2:14:57 AM
info: Metodo: GET en ruta /login - 8/5/2024 2:15:02 AM
info: Metodo: GET en ruta /index.css - 8/5/2024 2:15:02 AM
info: Metodo: POST en ruta /api/session/login - 8/5/2024 2:15:08 AM
info: Metodo: GET en ruta /login - 8/5/2024 2:16:54 AM
info: Metodo: GET en ruta /index.css - 8/5/2024 2:16:54 AM
info: Metodo: GET en ruta /login - 8/5/2024 2:17:04 AM
info: Metodo: GET en ruta /index.css - 8/5/2024 2:17:04 AM
info: Metodo: POST en ruta /api/session/login - 8/5/2024 2:17:09 AM
info: Metodo: POST en ruta /api/session/login - 8/5/2024 2:18:00 AM
info: Metodo: GET en ruta /login - 8/5/2024 2:18:22 AM
info: Metodo: GET en ruta /index.css - 8/5/2024 2:18:22 AM
info: Metodo: POST en ruta /api/session/login - 8/5/2024 2:18:27 AM
info: Metodo: GET en ruta /login - 8/5/2024 2:19:42 AM
info: Metodo: GET en ruta /index.css - 8/5/2024 2:19:42 AM
info: Metodo: POST en ruta /api/session/login - 8/5/2024 2:19:46 AM
info: Metodo: GET en ruta /api/session/register - 8/5/2024 2:19:49 AM
info: Metodo: GET en ruta /index.css - 8/5/2024 2:19:49 AM
info: Metodo: POST en ruta /api/session/register - 8/5/2024 2:19:57 AM
info: Metodo: POST en ruta /api/session/login - 8/5/2024 2:20:12 AM
info: Metodo: GET en ruta /cart - 8/5/2024 2:20:24 AM
info: Metodo: GET en ruta /cart - 8/5/2024 2:22:26 AM
info: Metodo: POST en ruta /api/session/login - 8/5/2024 2:22:33 AM
info: Metodo: POST en ruta /api/session/login - 8/5/2024 2:22:34 AM
info: Metodo: POST en ruta /api/session/login - 8/5/2024 2:22:39 AM
info: Metodo: POST en ruta /api/session/login - 8/5/2024 2:23:59 AM
info: Metodo: POST en ruta /api/session/login - 8/5/2024 2:24:00 AM
info: Metodo: POST en ruta /api/session/login - 8/5/2024 2:24:01 AM
info: Metodo: POST en ruta /api/session/login - 8/5/2024 2:24:01 AM
info: Metodo: POST en ruta /api/session/login - 8/5/2024 2:24:01 AM
info: Metodo: POST en ruta /api/session/login - 8/5/2024 2:24:02 AM
info: Metodo: GET en ruta /login - 8/5/2024 2:24:14 AM
info: Metodo: GET en ruta /index.css - 8/5/2024 2:24:15 AM
info: Metodo: POST en ruta /api/session/login - 8/5/2024 2:24:18 AM
info: Metodo: GET en ruta /cart - 8/5/2024 2:27:44 AM
info: Metodo: GET en ruta /cart - 8/5/2024 2:28:03 AM
info: Metodo: GET en ruta /cart - 8/5/2024 2:28:07 AM
info: Metodo: GET en ruta /login - 8/5/2024 2:35:22 AM
info: Metodo: GET en ruta /index.css - 8/5/2024 2:35:23 AM
info: Metodo: GET en ruta /index.css - 8/5/2024 2:35:26 AM
info: Metodo: POST en ruta /api/session/login - 8/5/2024 2:35:32 AM
info: Metodo: GET en ruta /login - 8/5/2024 2:36:46 AM
info: Metodo: GET en ruta /index.css - 8/5/2024 2:36:48 AM
info: Metodo: POST en ruta /api/session/login - 8/5/2024 2:36:54 AM
info: Metodo: POST en ruta /api/session/login - 8/5/2024 2:37:36 AM
info: Metodo: GET en ruta /testJWT - 8/5/2024 2:38:14 AM
info: Metodo: GET en ruta /api/session/testJWT - 8/5/2024 2:38:31 AM
info: Metodo: GET en ruta /api/session/testJWT - 8/5/2024 2:42:45 AM
info: Metodo: POST en ruta /api/session/login - 8/5/2024 2:42:55 AM
info: Metodo: POST en ruta /api/session/login - 8/5/2024 2:47:29 AM
info: Metodo: GET en ruta /login - 8/5/2024 2:47:33 AM
info: Metodo: GET en ruta /index.css - 8/5/2024 2:47:33 AM
info: Metodo: POST en ruta /api/session/login - 8/5/2024 2:47:37 AM
info: Metodo: POST en ruta /api/session/login - 8/5/2024 2:48:25 AM
info: Metodo: GET en ruta /cart - 8/5/2024 2:48:45 AM
info: Metodo: GET en ruta /cart - 8/5/2024 2:50:20 AM
info: Metodo: GET en ruta /purchase - 8/5/2024 2:51:20 AM
info: Metodo: GET en ruta /cart - 8/5/2024 2:51:26 AM
info: Metodo: GET en ruta /api/cart - 8/5/2024 2:51:46 AM
info: Metodo: GET en ruta /login - 8/5/2024 2:59:36 AM
info: Metodo: GET en ruta /index.css - 8/5/2024 2:59:36 AM
info: Metodo: GET en ruta /login - 8/5/2024 3:00:00 AM
info: Metodo: GET en ruta /index.css - 8/5/2024 3:00:00 AM
info: Metodo: GET en ruta /login - 8/5/2024 3:00:33 AM
info: Metodo: GET en ruta /index.css - 8/5/2024 3:00:34 AM
info: Metodo: POST en ruta /api/session/login - 8/5/2024 3:00:38 AM
info: Metodo: POST en ruta /api/cart - 8/5/2024 3:00:39 AM
info: Metodo: POST en ruta /api/session/login - 8/5/2024 3:01:33 AM
info: Metodo: POST en ruta /api/cart - 8/5/2024 3:01:34 AM
info: Metodo: GET en ruta /login - 8/5/2024 3:01:37 AM
info: Metodo: GET en ruta /index.css - 8/5/2024 3:01:38 AM
info: Metodo: POST en ruta /api/session/login - 8/5/2024 3:01:42 AM
info: Metodo: POST en ruta /api/carts - 8/5/2024 3:01:42 AM
info: Metodo: POST en ruta /api/session/login - 8/5/2024 3:02:03 AM
info: Metodo: POST en ruta /api/session/login - 8/5/2024 3:02:04 AM
info: Metodo: POST en ruta /api/carts - 8/5/2024 3:02:04 AM
info: Metodo: POST en ruta /api/carts - 8/5/2024 3:02:04 AM
info: Metodo: POST en ruta /api/session/login - 8/5/2024 3:03:54 AM
info: Metodo: POST en ruta /api/carts - 8/5/2024 3:03:55 AM
info: Metodo: POST en ruta /api/session/login - 8/5/2024 3:04:51 AM
info: Metodo: POST en ruta /api/carts - 8/5/2024 3:04:51 AM
info: Metodo: POST en ruta /api/session/login - 8/5/2024 3:07:11 AM
info: Metodo: POST en ruta /api/carts - 8/5/2024 3:07:12 AM
info: Metodo: GET en ruta /cart - 8/5/2024 3:07:34 AM
info: Metodo: GET en ruta /cart - 8/5/2024 3:08:00 AM
info: Metodo: GET en ruta /cart - 8/5/2024 3:08:05 AM
info: Metodo: GET en ruta /cart - 8/5/2024 3:08:38 AM
info: Metodo: GET en ruta /index.css - 8/5/2024 3:08:39 AM
info: Metodo: GET en ruta /cart - 8/5/2024 3:10:22 AM
info: Metodo: GET en ruta /cart - 8/5/2024 3:11:37 AM
info: Metodo: GET en ruta /cart - 8/5/2024 3:12:14 AM
info: Metodo: GET en ruta /index.css - 8/5/2024 3:12:15 AM
info: Metodo: GET en ruta /cart - 8/5/2024 3:12:37 AM
info: Metodo: GET en ruta /index.css - 8/5/2024 3:12:37 AM
info: Metodo: GET en ruta /purchase - 8/5/2024 3:12:47 AM
info: Metodo: GET en ruta /purchase - 8/5/2024 3:13:04 AM
info: Metodo: GET en ruta /purchase - 8/5/2024 3:13:19 AM
info: Metodo: GET en ruta /purchase - 8/5/2024 3:14:26 AM
info: Metodo: GET en ruta /purchase - 8/5/2024 3:15:37 AM
info: Metodo: GET en ruta /index.css - 8/5/2024 3:15:39 AM
info: Metodo: GET en ruta /cart - 8/5/2024 3:15:43 AM
info: Metodo: GET en ruta /index.css - 8/5/2024 3:15:43 AM
info: Metodo: GET en ruta /purchase - 8/5/2024 3:15:45 AM
info: Metodo: GET en ruta /index.css - 8/5/2024 3:15:45 AM
